<?xml version="1.0" encoding="UTF-8"?>
<!-- Generated by org.testng.reporters.JUnitXMLReporter -->
<testsuite hostname="DESKTOP-F9SN8P7" name="Testrunner-2" tests="2" failures="0" timestamp="8 Nov 2021 09:28:19 GMT" time="125.295" errors="0">
  <testcase name="createOrg" time="45.397" classname="Vtigerwithpomrepository.CreateOrgwithpomlibTest"/>
  <testcase name="createOrgwithIndusType" time="30.044" classname="Vtigerwithpomrepository.CreateOrgwithpomlibTest"/>
</testsuite> <!-- Testrunner-2 -->
