<?xml version="1.0" encoding="UTF-8"?>
<!-- Generated by org.testng.reporters.JUnitXMLReporter -->
<testsuite hostname="DESKTOP-F9SN8P7" name="Testrunner-chrome" tests="2" failures="0" timestamp="8 Nov 2021 09:47:04 GMT" time="122.393" errors="0">
  <testcase name="createOrg" time="37.064" classname="Vtigerwithpomrepository.CreateOrgwithpomlibTest"/>
  <testcase name="createOrgwithIndusType" time="36.328" classname="Vtigerwithpomrepository.CreateOrgwithpomlibTest"/>
</testsuite> <!-- Testrunner-chrome -->
