<?xml version="1.0" encoding="UTF-8"?>
<!-- Generated by org.testng.reporters.JUnitXMLReporter -->
<testsuite hostname="DESKTOP-F9SN8P7" name="Test" tests="4" failures="0" timestamp="7 Nov 2021 13:46:31 GMT" time="211.735" errors="0">
  <testcase name="CreatecontactwithOrgTest" time="60.684" classname="Vtigerwithpomrepository.CreateContactwithpomlibTest"/>
  <testcase name="createContact" time="21.187" classname="Vtigerwithpomrepository.CreateContactwithpomlibTest"/>
  <testcase name="createOrg" time="22.775" classname="Vtigerwithpomrepository.CreateOrgwithpomlibTest"/>
  <testcase name="createOrgwithIndusType" time="21.045" classname="Vtigerwithpomrepository.CreateOrgwithpomlibTest"/>
</testsuite> <!-- Test -->
