<?xml version="1.0" encoding="UTF-8"?>
<!-- Generated by org.testng.reporters.JUnitXMLReporter -->
<testsuite hostname="DESKTOP-F9SN8P7" name="Testrunner-firefox" tests="2" failures="0" timestamp="8 Nov 2021 09:47:00 GMT" time="118.299" errors="0">
  <testcase name="createOrg" time="30.233" classname="Vtigerwithpomrepository.CreateOrgwithpomlibTest"/>
  <testcase name="createOrgwithIndusType" time="31.184" classname="Vtigerwithpomrepository.CreateOrgwithpomlibTest"/>
</testsuite> <!-- Testrunner-firefox -->
