<?xml version="1.0" encoding="UTF-8"?>
<!-- Generated by org.testng.reporters.JUnitXMLReporter -->
<testsuite ignored="0" hostname="DESKTOP-F9SN8P7" failures="0" tests="2" name="Test_smokeTest" time="141.701" errors="0" timestamp="2021-11-09T23:24:41 IST">
  <testcase classname="Vtigerwithpomrepository.CreateContactwithpomlibTest" name="CreatecontactwithOrgTest" time="64.212"/>
  <testcase classname="Vtigerwithpomrepository.CreateContactwithpomlibTest" name="createContact" time="23.848"/>
</testsuite> <!-- Test_smokeTest -->
