<?xml version="1.0" encoding="UTF-8"?>
<!-- Generated by org.testng.reporters.JUnitXMLReporter -->
<testsuite hostname="DESKTOP-F9SN8P7" name="Test" tests="4" failures="0" timestamp="8 Oct 2021 02:37:08 GMT" time="0.107" errors="0">
  <testcase name="test1" time="0.013" classname="testng1.Demo1"/>
  <testcase name="test2" time="0.004" classname="testng1.Demo1"/>
  <testcase name="test2" time="0.004" classname="testng1.Demo2"/>
  <testcase name="test3" time="0.011" classname="testng1.Demo2"/>
</testsuite> <!-- Test -->
